1713537358893:help
1713539592502:What is the @Component annotation
1713539596233:q
1713539613070:q "What is the @Component annotation used for?"
1713544872385:q "What is the @TestRestClient annotation used for?"
1713545977920:/exit
1713545980781:exit
1713554810103:lear
1713554872071:What is the @Restcontroller annotation used for?
1713554884939:"What is the @RestController annotation used for?"
1713554909089:q "What is the @RestController annotation used for?"
1713554949679:exit
1713555123379:q "What is Spring Boot"
1713555342962:stacktrace
1713555709523:exit
1713555918686:q "What is Spring Boot"
1713555922245:stacktrace
1713556392854:q "What is Spring Boot"
1713556399349:stacktrace
1713556588232:q "What is Spring Boot"
1713556593166:stacktrace
1713556864022:q "What is Spring boot"
1713556870861:stacktrace
1713557100842:q "What is the @RestController annotation used for?"
1713557276284:q "Can you use @SpringBootTest with @WebMvcTest?"
1713784561299:q "What is the @RestController annotation used for?"
1713784570137:q "Can you use @SpringBootTest with @WebMvcTest?"
1713987712331:q "What is @TestRestClient"
1713987757692:q "What is @TestRestClient used for and can you provide a code example"
1713987798041:q "What is the @RestController annotaiton used for and can you provide a code example"
1713989077827:q "What is the new RestClient and how is it different than the RestTemplate. Please provide code examples."
